2023-10-08 20:35:07,595 :: INFO :: Beggining Request to API :: main.py :: 16 
2023-10-08 20:35:07,607 :: DEBUG :: Starting new HTTPS connection (1): brasilapi.com.br:443 :: connectionpool.py :: 1014 
2023-10-08 20:35:07,723 :: DEBUG :: https://brasilapi.com.br:443 "GET /api/ibge/municipios/v1/BA?providers=dados-abertos-br%2Cgov%2Cwikipedia HTTP/1.1" 200 None :: connectionpool.py :: 473 
2023-10-08 20:35:07,733 :: DEBUG :: Starting new HTTPS connection (1): brasilapi.com.br:443 :: connectionpool.py :: 1014 
2023-10-08 20:35:07,848 :: DEBUG :: https://brasilapi.com.br:443 "GET /api/ibge/municipios/v1/CE?providers=dados-abertos-br%2Cgov%2Cwikipedia HTTP/1.1" 200 None :: connectionpool.py :: 473 
2023-10-08 20:35:07,854 :: INFO :: Request to API done with sucess :: main.py :: 19 
2023-10-08 20:35:07,975 :: INFO :: Creation o Delete done with sucess :: postgres.py :: 114 
2023-10-08 20:35:08,600 :: INFO :: executed with sucess :: postgres.py :: 97 
2023-10-08 20:35:08,953 :: INFO :: executed with sucess :: postgres.py :: 97 
2023-10-08 20:35:08,953 :: INFO :: Pipeline done with sucess :: main.py :: 44 
2023-10-09 01:16:16,089 :: INFO :: Beggining Request to API :: main.py :: 16 
2023-10-09 01:16:16,103 :: DEBUG :: Starting new HTTPS connection (1): brasilapi.com.br:443 :: connectionpool.py :: 1014 
2023-10-09 01:16:17,539 :: DEBUG :: https://brasilapi.com.br:443 "GET /api/ibge/municipios/v1/BA?providers=dados-abertos-br%2Cgov%2Cwikipedia HTTP/1.1" 200 None :: connectionpool.py :: 473 
2023-10-09 01:16:17,550 :: DEBUG :: Starting new HTTPS connection (1): brasilapi.com.br:443 :: connectionpool.py :: 1014 
2023-10-09 01:16:18,168 :: DEBUG :: https://brasilapi.com.br:443 "GET /api/ibge/municipios/v1/CE?providers=dados-abertos-br%2Cgov%2Cwikipedia HTTP/1.1" 200 None :: connectionpool.py :: 473 
2023-10-09 01:16:18,177 :: INFO :: Request to API done with sucess :: main.py :: 19 
2023-10-09 01:16:18,365 :: INFO :: Creation o Delete done with sucess :: postgres.py :: 114 
2023-10-09 01:16:19,012 :: INFO :: executed with sucess :: postgres.py :: 97 
2023-10-09 01:16:19,367 :: INFO :: executed with sucess :: postgres.py :: 97 
2023-10-09 01:16:19,367 :: INFO :: Pipeline done with sucess :: main.py :: 44 
2023-10-15 19:02:33,942 :: INFO :: Beggining Request to API :: main.py :: 16 
2023-10-15 19:02:33,961 :: DEBUG :: Starting new HTTPS connection (1): brasilapi.com.br:443 :: connectionpool.py :: 1048 
2023-10-15 19:02:35,534 :: DEBUG :: https://brasilapi.com.br:443 "GET /api/ibge/municipios/v1/BA?providers=dados-abertos-br%2Cgov%2Cwikipedia HTTP/1.1" 200 None :: connectionpool.py :: 546 
2023-10-15 19:02:35,549 :: DEBUG :: Starting new HTTPS connection (1): brasilapi.com.br:443 :: connectionpool.py :: 1048 
2023-10-15 19:02:36,129 :: DEBUG :: https://brasilapi.com.br:443 "GET /api/ibge/municipios/v1/CE?providers=dados-abertos-br%2Cgov%2Cwikipedia HTTP/1.1" 200 None :: connectionpool.py :: 546 
2023-10-15 19:02:36,141 :: INFO :: Request to API done with sucess :: main.py :: 19 
2023-10-15 19:02:36,164 :: INFO :: Creation o Delete done with sucess :: postgres.py :: 114 
2023-10-15 19:02:36,165 :: INFO :: Pipeline done with sucess :: main.py :: 44 
2023-10-15 19:02:41,437 :: INFO :: Beggining Request to API :: main.py :: 16 
2023-10-15 19:02:41,453 :: DEBUG :: Starting new HTTPS connection (1): brasilapi.com.br:443 :: connectionpool.py :: 1048 
2023-10-15 19:02:41,592 :: DEBUG :: https://brasilapi.com.br:443 "GET /api/ibge/municipios/v1/BA?providers=dados-abertos-br%2Cgov%2Cwikipedia HTTP/1.1" 200 None :: connectionpool.py :: 546 
2023-10-15 19:02:41,606 :: DEBUG :: Starting new HTTPS connection (1): brasilapi.com.br:443 :: connectionpool.py :: 1048 
2023-10-15 19:02:41,693 :: DEBUG :: https://brasilapi.com.br:443 "GET /api/ibge/municipios/v1/CE?providers=dados-abertos-br%2Cgov%2Cwikipedia HTTP/1.1" 200 None :: connectionpool.py :: 546 
2023-10-15 19:02:41,705 :: INFO :: Request to API done with sucess :: main.py :: 19 
2023-10-15 19:02:41,719 :: INFO :: Creation o Delete done with sucess :: postgres.py :: 114 
2023-10-15 19:02:41,720 :: INFO :: Pipeline done with sucess :: main.py :: 44 
2023-10-15 19:14:51,961 :: INFO :: Beggining Request to API :: <ipython-input-1-c5d6ffbb1fdf> :: 16 
2023-10-15 19:14:51,977 :: DEBUG :: Starting new HTTPS connection (1): brasilapi.com.br:443 :: connectionpool.py :: 1048 
2023-10-15 19:14:56,713 :: DEBUG :: https://brasilapi.com.br:443 "GET /api/ibge/municipios/v1/MG?providers=dados-abertos-br%2Cgov%2Cwikipedia HTTP/1.1" 200 None :: connectionpool.py :: 546 
2023-10-15 19:14:56,734 :: DEBUG :: Starting new HTTPS connection (1): brasilapi.com.br:443 :: connectionpool.py :: 1048 
2023-10-15 19:14:56,885 :: DEBUG :: https://brasilapi.com.br:443 "GET /api/ibge/municipios/v1/SP?providers=dados-abertos-br%2Cgov%2Cwikipedia HTTP/1.1" 200 None :: connectionpool.py :: 546 
2023-10-15 19:14:56,903 :: DEBUG :: Starting new HTTPS connection (1): brasilapi.com.br:443 :: connectionpool.py :: 1048 
2023-10-15 19:14:57,540 :: DEBUG :: https://brasilapi.com.br:443 "GET /api/ibge/municipios/v1/SE?providers=dados-abertos-br%2Cgov%2Cwikipedia HTTP/1.1" 200 None :: connectionpool.py :: 546 
2023-10-15 19:14:57,550 :: INFO :: Request to API done with sucess :: <ipython-input-1-c5d6ffbb1fdf> :: 19 
2023-10-15 19:14:57,563 :: INFO :: Creation o Delete done with sucess :: postgres.py :: 114 
2023-10-15 19:14:57,841 :: INFO :: executed with sucess :: postgres.py :: 97 
2023-10-15 19:14:57,930 :: INFO :: executed with sucess :: postgres.py :: 97 
2023-10-15 19:14:58,059 :: INFO :: executed with sucess :: postgres.py :: 97 
2023-10-15 19:14:58,309 :: INFO :: executed with sucess :: postgres.py :: 97 
2023-10-15 19:14:58,527 :: INFO :: executed with sucess :: postgres.py :: 97 
2023-10-15 19:14:58,859 :: INFO :: executed with sucess :: postgres.py :: 97 
2023-10-15 19:14:58,860 :: INFO :: Pipeline done with sucess :: <ipython-input-1-c5d6ffbb1fdf> :: 44 
